    Blocking waiting for file lock on artifact directory
warning: output filename collision at /Users/hot/projects/YP_module_5_rust-performance-tools/target/debug/demo
  |
  = note: the bin target `demo` in package `reference-app v0.1.0 (/Users/hot/projects/YP_module_5_rust-performance-tools/reference-app)` has the same output filename as the bin target `demo` in package `broken-app v0.1.0 (/Users/hot/projects/YP_module_5_rust-performance-tools/broken-app)`
  = note: this may become a hard error in the future; see <https://github.com/rust-lang/cargo/issues/6313>
  = help: consider changing their names to be unique or compiling them separately
warning: output filename collision at /Users/hot/projects/YP_module_5_rust-performance-tools/target/debug/demo.dSYM
  |
  = note: the bin target `demo` in package `reference-app v0.1.0 (/Users/hot/projects/YP_module_5_rust-performance-tools/reference-app)` has the same output filename as the bin target `demo` in package `broken-app v0.1.0 (/Users/hot/projects/YP_module_5_rust-performance-tools/broken-app)`
  = note: this may become a hard error in the future; see <https://github.com/rust-lang/cargo/issues/6313>
  = help: consider changing their names to be unique or compiling them separately
warning: unused import: `std::sync::Arc`
 --> reference-app/src/concurrency.rs:2:5
  |
2 | use std::sync::Arc;
  |     ^^^^^^^^^^^^^^
  |
  = note: `#[warn(unused_imports)]` (part of `#[warn(unused)]`) on by default

warning: `reference-app` (lib) generated 1 warning (run `cargo fix --lib -p reference-app` to apply 1 suggestion)
    Finished `dev` profile [unoptimized + debuginfo] target(s) in 7.65s
