Preparing a sysroot for Miri (target: x86_64-unknown-linux-gnu)... done
   Compiling proc-macro2 v1.0.103
   Compiling unicode-ident v1.0.22
   Compiling quote v1.0.42
   Compiling crossbeam-utils v0.8.21
   Compiling serde_core v1.0.228
   Compiling zerocopy v0.8.31
   Compiling serde v1.0.228
   Compiling autocfg v1.5.0
   Compiling cfg-if v1.0.4
   Compiling serde_json v1.0.145
   Compiling either v1.15.0
   Compiling rayon-core v1.13.0
   Compiling libc v0.2.178
   Compiling anstyle v1.0.13
   Compiling ciborium-io v0.2.2
   Compiling memchr v2.7.6
   Compiling num-traits v0.2.19
   Compiling plotters-backend v0.3.7
   Compiling itoa v1.0.15
   Compiling clap_lex v0.7.6
   Compiling regex-syntax v0.8.8
   Compiling ryu v1.0.20
   Compiling crossbeam-epoch v0.9.18
   Compiling plotters-svg v0.3.7
   Compiling clap_builder v4.5.53
   Compiling itertools v0.10.5
   Compiling cast v0.3.0
   Compiling crossbeam-deque v0.8.6
   Compiling same-file v1.0.6
   Compiling once_cell v1.21.3
   Compiling regex-automata v0.4.13
   Compiling is-terminal v0.4.17
   Compiling syn v2.0.111
   Compiling walkdir v2.5.0
   Compiling plotters v0.3.7
   Compiling oorandom v11.1.5
   Compiling anes v0.1.6
   Compiling criterion-plot v0.5.0
   Compiling broken-app v0.1.0 (/work/broken-app)
   Compiling clap v4.5.53
   Compiling rayon v1.11.0
   Compiling regex v1.12.2
   Compiling zerocopy-derive v0.8.31
   Compiling serde_derive v1.0.228
   Compiling half v2.7.1
   Compiling tinytemplate v1.2.1
   Compiling ciborium-ll v0.2.2
   Compiling ciborium v0.2.2
   Compiling criterion v0.5.1
    Finished `test` profile [unoptimized + debuginfo] target(s) in 24.53s
     Running unittests src/lib.rs (target/miri/x86_64-unknown-linux-gnu/debug/deps/broken_app-d281b66cdd83582c)

running 0 tests

test result: ok. 0 passed; 0 failed; 0 ignored; 0 measured; 0 filtered out; finished in 0.03s

     Running unittests src/bin/demo.rs (target/miri/x86_64-unknown-linux-gnu/debug/deps/demo-d55ef124ecfa1cf6)

running 0 tests

test result: ok. 0 passed; 0 failed; 0 ignored; 0 measured; 0 filtered out; finished in 0.03s

     Running tests/integration.rs (target/miri/x86_64-unknown-linux-gnu/debug/deps/integration-0cffcebc8fbb7693)

running 12 tests
test average_positive_returns_zero_without_positive_values ... ok
test averages_only_positive ... ok
test counts_non_zero_bytes ... ok
test dedup_preserves_uniques ... ok
test fib_small_numbers ... ok
test normalize_all_whitespace ... ok
test normalize_simple ... ok
test race_increment_is_correct ... ok
test reset_counter_clears_shared_state ... ok
test sum_even_handles_empty_slice ... ok
test sums_even_numbers ... ok
test use_after_free_regression ... ok

test result: ok. 12 passed; 0 failed; 0 ignored; 0 measured; 0 filtered out; finished in 2.34s

   Doc-tests broken_app

running 0 tests

test result: ok. 0 passed; 0 failed; 0 ignored; 0 measured; 0 filtered out; finished in 0.00s

